----------------------------------------------------------------
Wed Mar 01 10:09:13 WAT 2023:
Booting Derby version The Apache Software Foundation - Apache Derby - 10.14.2.0 - (1828579): instance a816c00e-0186-9c6e-ce64-0000033bd2f0 
on database directory memory:C:\Users\IssamBARHOUMI\Documents\workspace-spring-tool-suite-4-4.17.2.RELEASE\plan\90655078-f4c7-408d-a821-d3ea90becb8b with class loader jdk.internal.loader.ClassLoaders$AppClassLoader@2f333739 
Loaded from file:/C:/Users/IssamBARHOUMI/.m2/repository/org/apache/derby/derby/10.14.2.0/derby-10.14.2.0.jar
java.vendor=Eclipse Adoptium
java.runtime.version=17.0.6+10
user.dir=C:\Users\IssamBARHOUMI\Documents\workspace-spring-tool-suite-4-4.17.2.RELEASE\plan
os.name=Windows 10
os.arch=amd64
os.version=10.0
derby.system.home=null
Database Class Loader started - derby.database.classpath=''
----------------------------------------------------------------
Wed Mar 01 10:09:53 WAT 2023:
Shutting down instance a816c00e-0186-9c6e-ce64-0000033bd2f0 on database directory memory:C:\Users\IssamBARHOUMI\Documents\workspace-spring-tool-suite-4-4.17.2.RELEASE\plan\90655078-f4c7-408d-a821-d3ea90becb8b with class loader jdk.internal.loader.ClassLoaders$AppClassLoader@2f333739 
----------------------------------------------------------------
Wed Mar 01 10:10:01 WAT 2023:
Booting Derby version The Apache Software Foundation - Apache Derby - 10.14.2.0 - (1828579): instance a0200101-0186-9c6e-ce64-0000033bd2f0 
on database directory memory:C:\Users\IssamBARHOUMI\Documents\workspace-spring-tool-suite-4-4.17.2.RELEASE\plan\1d3c10d2-ab8c-4edb-a60b-2888baab7e80 with class loader jdk.internal.loader.ClassLoaders$AppClassLoader@2f333739 
Loaded from file:/C:/Users/IssamBARHOUMI/.m2/repository/org/apache/derby/derby/10.14.2.0/derby-10.14.2.0.jar
java.vendor=Eclipse Adoptium
java.runtime.version=17.0.6+10
user.dir=C:\Users\IssamBARHOUMI\Documents\workspace-spring-tool-suite-4-4.17.2.RELEASE\plan
os.name=Windows 10
os.arch=amd64
os.version=10.0
derby.system.home=null
Database Class Loader started - derby.database.classpath=''
----------------------------------------------------------------
Wed Mar 01 10:10:43 WAT 2023:
Shutting down instance a0200101-0186-9c6e-ce64-0000033bd2f0 on database directory memory:C:\Users\IssamBARHOUMI\Documents\workspace-spring-tool-suite-4-4.17.2.RELEASE\plan\1d3c10d2-ab8c-4edb-a60b-2888baab7e80 with class loader jdk.internal.loader.ClassLoaders$AppClassLoader@2f333739 
----------------------------------------------------------------
Wed Mar 01 10:10:53 WAT 2023:
Booting Derby version The Apache Software Foundation - Apache Derby - 10.14.2.0 - (1828579): instance d1d381f4-0186-9c6e-ce64-0000033bd2f0 
on database directory memory:C:\Users\IssamBARHOUMI\Documents\workspace-spring-tool-suite-4-4.17.2.RELEASE\plan\559c4891-51cb-46c6-8964-ac42ce72677e with class loader jdk.internal.loader.ClassLoaders$AppClassLoader@2f333739 
Loaded from file:/C:/Users/IssamBARHOUMI/.m2/repository/org/apache/derby/derby/10.14.2.0/derby-10.14.2.0.jar
java.vendor=Eclipse Adoptium
java.runtime.version=17.0.6+10
user.dir=C:\Users\IssamBARHOUMI\Documents\workspace-spring-tool-suite-4-4.17.2.RELEASE\plan
os.name=Windows 10
os.arch=amd64
os.version=10.0
derby.system.home=null
Database Class Loader started - derby.database.classpath=''
----------------------------------------------------------------
Wed Mar 01 10:11:55 WAT 2023:
Shutting down instance d1d381f4-0186-9c6e-ce64-0000033bd2f0 on database directory memory:C:\Users\IssamBARHOUMI\Documents\workspace-spring-tool-suite-4-4.17.2.RELEASE\plan\559c4891-51cb-46c6-8964-ac42ce72677e with class loader jdk.internal.loader.ClassLoaders$AppClassLoader@2f333739 
